ch_Kennenlernen	31/05/2016	14:17:59	Muskeltier2	Hi
ch_Gaming	31/05/2016	14:18:05	Muskeltier2	hi
ch_Allgemein	31/05/2016	14:18:08	Muskeltier2	hi
ch_Allgemein	31/05/2016	14:18:45	Muskeltier2	ho
ch_Allgemein	31/05/2016	14:19:43	Muskeltier2	Muskeltier2 verließ den Chat
ch_Gaming	31/05/2016	14:19:43	Muskeltier2	Muskeltier2 verließ den Chat
ch_Kennenlernen	31/05/2016	14:19:43	Muskeltier2	Muskeltier2 verließ den Chat
ch_Allgemein	31/05/2016	14:19:43		Muskeltier2 kommt in den Raum Allgemein
ch_Allgemein	31/05/2016	14:19:43		Muskeltier2, Willkommen bei Fat-Chat! Mit /help werden die möglichen Chat-Befehle angezeigt. 
ch_Gaming	31/05/2016	14:19:43		Muskeltier2 kommt in den Raum Gaming
ch_Gaming	31/05/2016	14:19:43		Muskeltier2, Willkommen bei Fat-Chat! Mit /help werden die möglichen Chat-Befehle angezeigt. 
ch_Kennenlernen	31/05/2016	14:19:43		Muskeltier2 kommt in den Raum Kennenlernen
ch_Kennenlernen	31/05/2016	14:19:43		Muskeltier2, Willkommen bei Fat-Chat! Mit /help werden die möglichen Chat-Befehle angezeigt. 
ch_Kennenlernen	31/05/2016	14:21:17	Muskeltier2	
ch_Kennenlernen	31/05/2016	14:21:22	Muskeltier2	hallo
ch_Kennenlernen	31/05/2016	14:21:29	Muskeltier2	hallo
ch_Allgemein	31/05/2016	14:21:37	Muskeltier2	Muskeltier2 verließ den Chat
ch_Gaming	31/05/2016	14:21:37	Muskeltier2	Muskeltier2 verließ den Chat
ch_Kennenlernen	31/05/2016	14:21:37	Muskeltier2	Muskeltier2 verließ den Chat
ch_Allgemein	31/05/2016	14:21:38		Muskeltier2 kommt in den Raum Allgemein
ch_Allgemein	31/05/2016	14:21:38		Muskeltier2, Willkommen bei Fat-Chat! Mit /help werden die möglichen Chat-Befehle angezeigt. 
ch_Gaming	31/05/2016	14:21:38		Muskeltier2 kommt in den Raum Gaming
ch_Gaming	31/05/2016	14:21:38		Muskeltier2, Willkommen bei Fat-Chat! Mit /help werden die möglichen Chat-Befehle angezeigt. 
ch_Kennenlernen	31/05/2016	14:21:38		Muskeltier2 kommt in den Raum Kennenlernen
ch_Kennenlernen	31/05/2016	14:21:38		Muskeltier2, Willkommen bei Fat-Chat! Mit /help werden die möglichen Chat-Befehle angezeigt. 
ch_Kennenlernen	31/05/2016	14:21:43	Muskeltier2	hallo
ch_Allgemein	31/05/2016	14:22:15	Muskeltier2	Muskeltier2 verließ den Chat
ch_Gaming	31/05/2016	14:22:15	Muskeltier2	Muskeltier2 verließ den Chat
ch_Kennenlernen	31/05/2016	14:22:15	Muskeltier2	Muskeltier2 verließ den Chat
ch_Allgemein	31/05/2016	14:22:24		Robert kommt in den Raum Allgemein
ch_Allgemein	31/05/2016	14:22:24		Robert, Willkommen bei Fat-Chat! Mit /help werden die möglichen Chat-Befehle angezeigt. 
ch_Gaming	31/05/2016	14:22:24		Robert kommt in den Raum Gaming
ch_Gaming	31/05/2016	14:22:24		Robert, Willkommen bei Fat-Chat! Mit /help werden die möglichen Chat-Befehle angezeigt. 
ch_Kennenlernen	31/05/2016	14:22:24		Robert kommt in den Raum Kennenlernen
ch_Kennenlernen	31/05/2016	14:22:24		Robert, Willkommen bei Fat-Chat! Mit /help werden die möglichen Chat-Befehle angezeigt. 
ch_Allgemein	31/05/2016	14:22:28	Robert	Robert verließ den Chat
ch_Gaming	31/05/2016	14:22:28	Robert	Robert verließ den Chat
ch_Kennenlernen	31/05/2016	14:22:28	Robert	Robert verließ den Chat
ch_Allgemein	31/05/2016	14:22:32		Robert kommt in den Raum Allgemein
ch_Allgemein	31/05/2016	14:22:32		Robert, Willkommen bei Fat-Chat! Mit /help werden die möglichen Chat-Befehle angezeigt. 
ch_Gaming	31/05/2016	14:22:32		Robert kommt in den Raum Gaming
ch_Gaming	31/05/2016	14:22:32		Robert, Willkommen bei Fat-Chat! Mit /help werden die möglichen Chat-Befehle angezeigt. 
ch_Kennenlernen	31/05/2016	14:22:32		Robert kommt in den Raum Kennenlernen
ch_Kennenlernen	31/05/2016	14:22:32		Robert, Willkommen bei Fat-Chat! Mit /help werden die möglichen Chat-Befehle angezeigt. 
ch_Allgemein	31/05/2016	14:23:45	Robert	Robert ändert den Nicknamen zu Muskeltier2
ch_Gaming	31/05/2016	14:23:45	Robert	Robert ändert den Nicknamen zu Muskeltier2
ch_Kennenlernen	31/05/2016	14:23:45	Robert	Robert ändert den Nicknamen zu Muskeltier2
ch_Allgemein	06/06/2016	12:18:40		Robert kommt in den Raum Allgemein
ch_Allgemein	06/06/2016	12:18:40		Robert, Willkommen bei Fat-Chat! Mit /help werden die möglichen Chat-Befehle angezeigt. 
ch_Gaming	06/06/2016	12:18:40		Robert kommt in den Raum Gaming
ch_Gaming	06/06/2016	12:18:40		Robert, Willkommen bei Fat-Chat! Mit /help werden die möglichen Chat-Befehle angezeigt. 
ch_Kennenlernen	06/06/2016	12:18:40		Robert kommt in den Raum Kennenlernen
ch_Kennenlernen	06/06/2016	12:18:40		Robert, Willkommen bei Fat-Chat! Mit /help werden die möglichen Chat-Befehle angezeigt. 
ch_Allgemein	06/06/2016	12:22:04	Robert	Robert ändert den Nicknamen zu Muskeltier2
ch_Gaming	06/06/2016	12:22:04	Robert	Robert ändert den Nicknamen zu Muskeltier2
ch_Kennenlernen	06/06/2016	12:22:04	Robert	Robert ändert den Nicknamen zu Muskeltier2
ch_Kennenlernen	06/06/2016	12:22:28	Muskeltier2	Hallo
ch_Allgemein	06/06/2016	12:25:58		Muskeltier2 kommt in den Raum Allgemein
ch_Allgemein	06/06/2016	12:25:58		Muskeltier2, Willkommen bei Fat-Chat! Mit /help werden die möglichen Chat-Befehle angezeigt. 
ch_Gaming	06/06/2016	12:25:58		Muskeltier2 kommt in den Raum Gaming
ch_Gaming	06/06/2016	12:25:58		Muskeltier2, Willkommen bei Fat-Chat! Mit /help werden die möglichen Chat-Befehle angezeigt. 
ch_Kennenlernen	06/06/2016	12:25:58		Muskeltier2 kommt in den Raum Kennenlernen
ch_Kennenlernen	06/06/2016	12:25:58		Muskeltier2, Willkommen bei Fat-Chat! Mit /help werden die möglichen Chat-Befehle angezeigt. 
ch_Allgemein	06/06/2016	12:26:18		Robert kommt in den Raum Allgemein
ch_Allgemein	06/06/2016	12:26:18		Robert, Willkommen bei Fat-Chat! Mit /help werden die möglichen Chat-Befehle angezeigt. 
ch_Gaming	06/06/2016	12:26:18		Robert kommt in den Raum Gaming
ch_Gaming	06/06/2016	12:26:18		Robert, Willkommen bei Fat-Chat! Mit /help werden die möglichen Chat-Befehle angezeigt. 
ch_Kennenlernen	06/06/2016	12:26:19		Robert kommt in den Raum Kennenlernen
ch_Kennenlernen	06/06/2016	12:26:19		Robert, Willkommen bei Fat-Chat! Mit /help werden die möglichen Chat-Befehle angezeigt. 
ch_Allgemein	06/06/2016	12:27:45		Hallo kommt in den Raum Allgemein
ch_Allgemein	06/06/2016	12:27:45		Hallo, Willkommen bei Fat-Chat! Mit /help werden die möglichen Chat-Befehle angezeigt. 
ch_Gaming	06/06/2016	12:27:45		Hallo kommt in den Raum Gaming
ch_Gaming	06/06/2016	12:27:45		Hallo, Willkommen bei Fat-Chat! Mit /help werden die möglichen Chat-Befehle angezeigt. 
ch_Kennenlernen	06/06/2016	12:27:45		Hallo kommt in den Raum Kennenlernen
ch_Kennenlernen	06/06/2016	12:27:45		Hallo, Willkommen bei Fat-Chat! Mit /help werden die möglichen Chat-Befehle angezeigt. 
ch_Allgemein	06/06/2016	12:43:05		1234 kommt in den Raum Allgemein
ch_Allgemein	06/06/2016	12:43:05		1234, Willkommen bei Fat-Chat! Mit /help werden die möglichen Chat-Befehle angezeigt. 
ch_Gaming	06/06/2016	12:43:05		1234 kommt in den Raum Gaming
ch_Gaming	06/06/2016	12:43:05		1234, Willkommen bei Fat-Chat! Mit /help werden die möglichen Chat-Befehle angezeigt. 
ch_Kennenlernen	06/06/2016	12:43:05		1234 kommt in den Raum Kennenlernen
ch_Kennenlernen	06/06/2016	12:43:05		1234, Willkommen bei Fat-Chat! Mit /help werden die möglichen Chat-Befehle angezeigt. 
ch_Allgemein	06/06/2016	12:43:40		1234 kommt in den Raum Allgemein
ch_Allgemein	06/06/2016	12:43:40		, Willkommen bei Fat-Chat! Mit /help werden die möglichen Chat-Befehle angezeigt. 
ch_Gaming	06/06/2016	12:43:40		1234 kommt in den Raum Gaming
ch_Gaming	06/06/2016	12:43:40		, Willkommen bei Fat-Chat! Mit /help werden die möglichen Chat-Befehle angezeigt. 
ch_Kennenlernen	06/06/2016	12:43:40		1234 kommt in den Raum Kennenlernen
ch_Kennenlernen	06/06/2016	12:43:40		, Willkommen bei Fat-Chat! Mit /help werden die möglichen Chat-Befehle angezeigt. 
ch_Allgemein	06/06/2016	12:47:32		1234 kommt in den Raum Allgemein
ch_Allgemein	06/06/2016	12:47:32		, Willkommen bei Fat-Chat! Mit /help werden die möglichen Chat-Befehle angezeigt. 
ch_Gaming	06/06/2016	12:47:32		1234 kommt in den Raum Gaming
ch_Gaming	06/06/2016	12:47:32		, Willkommen bei Fat-Chat! Mit /help werden die möglichen Chat-Befehle angezeigt. 
ch_Kennenlernen	06/06/2016	12:47:32		1234 kommt in den Raum Kennenlernen
ch_Kennenlernen	06/06/2016	12:47:32		, Willkommen bei Fat-Chat! Mit /help werden die möglichen Chat-Befehle angezeigt. 
ch_Allgemein	06/06/2016	12:56:36		1234 kommt in den Raum Allgemein
ch_Allgemein	06/06/2016	12:56:36		1234, Willkommen bei Fat-Chat! Mit /help werden die möglichen Chat-Befehle angezeigt. 
ch_Gaming	06/06/2016	12:56:36		1234 kommt in den Raum Gaming
ch_Gaming	06/06/2016	12:56:36		1234, Willkommen bei Fat-Chat! Mit /help werden die möglichen Chat-Befehle angezeigt. 
ch_Kennenlernen	06/06/2016	12:56:36		1234 kommt in den Raum Kennenlernen
ch_Kennenlernen	06/06/2016	12:56:36		1234, Willkommen bei Fat-Chat! Mit /help werden die möglichen Chat-Befehle angezeigt. 
